<?xml version="1.0" encoding="UTF-8"?>
<!-- Generated by org.testng.reporters.JUnitXMLReporter -->
<testsuite ignored="0" hostname="IFOCUS-LT37" failures="0" tests="2" name="Default test" time="0.077" errors="0" timestamp="2023-02-27T12:58:45 IST">
  <testcase classname="xmlExecutionInDifferentWays_MethodLevel_ClassLevel_packageLevel.PackageLevel" name="closeBrowser" time="0.017"/>
  <testcase classname="xmlExecutionInDifferentWays_MethodLevel_ClassLevel_packageLevel.PackageLevel" name="openBrowser" time="0.002"/>
</testsuite> <!-- Default test -->
