<?xml version="1.0" encoding="UTF-8"?>
<!-- Generated by org.testng.reporters.JUnitXMLReporter -->
<testsuite ignored="0" hostname="IFOCUS-LT37" failures="0" tests="3" name="Default test" time="0.079" errors="0" timestamp="2023-03-06T14:16:05 IST">
  <testcase classname="dependsOnMethodsConcept.SuperClass" name="OpenBrowser" time="0.017"/>
  <testcase classname="dependsOnMethodsConcept.DependsOnMethods_03" name="LogIn" time="0.001"/>
  <testcase classname="dependsOnMethodsConcept.SuperClass" name="OpenBrowser" time="0.002"/>
</testsuite> <!-- Default test -->
