<?xml version="1.0" encoding="UTF-8"?>
<!-- Generated by org.testng.reporters.JUnitXMLReporter -->
<testsuite ignored="0" hostname="IFOCUS-LT37" failures="0" tests="6" name="Test" time="0.112" errors="0" timestamp="2023-02-27T12:59:23 IST">
  <testcase classname="xmlExecutionInDifferentWays_MethodLevel_ClassLevel_packageLevel.ClassLevel" name="closeBrowser" time="0.017"/>
  <testcase classname="xmlExecutionInDifferentWays_MethodLevel_ClassLevel_packageLevel.ClassLevel" name="openBrowser" time="0.003"/>
  <testcase classname="xmlExecutionInDifferentWays_MethodLevel_ClassLevel_packageLevel.MethodLevel" name="closeBrowser" time="0.003"/>
  <testcase classname="xmlExecutionInDifferentWays_MethodLevel_ClassLevel_packageLevel.MethodLevel" name="openBrowser" time="0.003"/>
  <testcase classname="xmlExecutionInDifferentWays_MethodLevel_ClassLevel_packageLevel.PackageLevel" name="closeBrowser" time="0.004"/>
  <testcase classname="xmlExecutionInDifferentWays_MethodLevel_ClassLevel_packageLevel.PackageLevel" name="openBrowser" time="0.003"/>
</testsuite> <!-- Test -->
