<?xml version="1.0" encoding="UTF-8"?>
<!-- Generated by org.testng.reporters.JUnitXMLReporter -->
<testsuite ignored="0" hostname="IFOCUS-LT37" failures="0" tests="4" name="Test" time="0.107" errors="0" timestamp="2023-02-28T17:24:54 IST">
  <testcase classname="parallelExecution_Class.ClassLevelParallel_2" name="classlevelParallelExecution1" time="0.015"/>
  <testcase classname="parallelExecution_Class.ClassLevelParallel_1" name="classlevelParallelExecution1" time="0.015"/>
  <testcase classname="parallelExecution_Class.ClassLevelParallel_2" name="classlevelParallelExecution2" time="0.003"/>
  <testcase classname="parallelExecution_Class.ClassLevelParallel_1" name="classlevelParallelExecution2" time="0.004"/>
</testsuite> <!-- Test -->
