<?xml version="1.0" encoding="UTF-8"?>
<testng-results ignored="0" total="1" passed="1" failed="0" skipped="0">
  <reporter-output>
  </reporter-output>
  <suite started-at="2023-02-21T15:11:30 IST" name="Suite" finished-at="2023-02-21T15:11:30 IST" duration-ms="80">
    <groups>
    </groups>
    <test started-at="2023-02-21T15:11:30 IST" name="Test" finished-at="2023-02-21T15:11:30 IST" duration-ms="80">
      <class name="parameter_1.Parameter_1">
        <test-method signature="parameterTest(java.lang.String,java.lang.String)[pri:0, instance:parameter_1.Parameter_1@355ce81c]" started-at="2023-02-21T15:11:30 IST" name="parameterTest" finished-at="2023-02-21T15:11:30 IST" duration-ms="18" status="PASS">
          <params>
            <param index="0">
              <value>
                <![CDATA[Sachin]]>
              </value>
            </param>
            <param index="1">
              <value>
                <![CDATA[Hirermath]]>
              </value>
            </param>
          </params>
          <reporter-output>
          </reporter-output>
        </test-method> <!-- parameterTest -->
      </class> <!-- parameter_1.Parameter_1 -->
    </test> <!-- Test -->
  </suite> <!-- Suite -->
</testng-results>
