<?xml version="1.0" encoding="UTF-8"?>
<testng-results ignored="0" total="6" passed="6" failed="0" skipped="0">
  <reporter-output>
  </reporter-output>
  <suite started-at="2023-02-28T14:22:19 IST" name="Suite" finished-at="2023-02-28T14:22:19 IST" duration-ms="108">
    <groups>
    </groups>
    <test started-at="2023-02-28T14:22:19 IST" name="Test" finished-at="2023-02-28T14:22:19 IST" duration-ms="108">
      <class name="testNgAnnotations_BeforeAfterClass2.Sample_BeforeAfterClass2">
        <test-method is-config="true" signature="beforeMethod()[pri:0, instance:testNgAnnotations_BeforeAfterClass2.Sample_BeforeAfterClass2@5ace1ed4]" started-at="2023-02-28T14:22:19 IST" name="beforeMethod" finished-at="2023-02-28T14:22:19 IST" duration-ms="11" status="PASS">
          <reporter-output>
          </reporter-output>
        </test-method> <!-- beforeMethod -->
        <test-method signature="test1()[pri:0, instance:testNgAnnotations_BeforeAfterClass2.Sample_BeforeAfterClass2@5ace1ed4]" started-at="2023-02-28T14:22:19 IST" name="test1" finished-at="2023-02-28T14:22:19 IST" duration-ms="10" status="PASS">
          <reporter-output>
          </reporter-output>
        </test-method> <!-- test1 -->
        <test-method signature="test2()[pri:0, instance:testNgAnnotations_BeforeAfterClass2.Sample_BeforeAfterClass2@5ace1ed4]" started-at="2023-02-28T14:22:19 IST" name="test2" finished-at="2023-02-28T14:22:19 IST" duration-ms="2" status="PASS">
          <reporter-output>
          </reporter-output>
        </test-method> <!-- test2 -->
        <test-method signature="test3()[pri:0, instance:testNgAnnotations_BeforeAfterClass2.Sample_BeforeAfterClass2@5ace1ed4]" started-at="2023-02-28T14:22:19 IST" name="test3" finished-at="2023-02-28T14:22:19 IST" duration-ms="3" status="PASS">
          <reporter-output>
          </reporter-output>
        </test-method> <!-- test3 -->
        <test-method is-config="true" signature="afterMethod()[pri:0, instance:testNgAnnotations_BeforeAfterClass2.Sample_BeforeAfterClass2@5ace1ed4]" started-at="2023-02-28T14:22:19 IST" name="afterMethod" finished-at="2023-02-28T14:22:19 IST" duration-ms="0" status="PASS">
          <reporter-output>
          </reporter-output>
        </test-method> <!-- afterMethod -->
      </class> <!-- testNgAnnotations_BeforeAfterClass2.Sample_BeforeAfterClass2 -->
      <class name="testNgAnnotations_BeforeAfterClass2.Sample_BeforeAfterClass1">
        <test-method is-config="true" signature="beforeMethod()[pri:0, instance:testNgAnnotations_BeforeAfterClass2.Sample_BeforeAfterClass1@1cbb87f3]" started-at="2023-02-28T14:22:19 IST" name="beforeMethod" finished-at="2023-02-28T14:22:19 IST" duration-ms="1" status="PASS">
          <reporter-output>
          </reporter-output>
        </test-method> <!-- beforeMethod -->
        <test-method signature="test1()[pri:0, instance:testNgAnnotations_BeforeAfterClass2.Sample_BeforeAfterClass1@1cbb87f3]" started-at="2023-02-28T14:22:19 IST" name="test1" finished-at="2023-02-28T14:22:19 IST" duration-ms="3" status="PASS">
          <reporter-output>
          </reporter-output>
        </test-method> <!-- test1 -->
        <test-method signature="test2()[pri:0, instance:testNgAnnotations_BeforeAfterClass2.Sample_BeforeAfterClass1@1cbb87f3]" started-at="2023-02-28T14:22:19 IST" name="test2" finished-at="2023-02-28T14:22:19 IST" duration-ms="2" status="PASS">
          <reporter-output>
          </reporter-output>
        </test-method> <!-- test2 -->
        <test-method signature="test3()[pri:0, instance:testNgAnnotations_BeforeAfterClass2.Sample_BeforeAfterClass1@1cbb87f3]" started-at="2023-02-28T14:22:19 IST" name="test3" finished-at="2023-02-28T14:22:19 IST" duration-ms="2" status="PASS">
          <reporter-output>
          </reporter-output>
        </test-method> <!-- test3 -->
        <test-method is-config="true" signature="afterMethod()[pri:0, instance:testNgAnnotations_BeforeAfterClass2.Sample_BeforeAfterClass1@1cbb87f3]" started-at="2023-02-28T14:22:19 IST" name="afterMethod" finished-at="2023-02-28T14:22:19 IST" duration-ms="1" status="PASS">
          <reporter-output>
          </reporter-output>
        </test-method> <!-- afterMethod -->
      </class> <!-- testNgAnnotations_BeforeAfterClass2.Sample_BeforeAfterClass1 -->
    </test> <!-- Test -->
  </suite> <!-- Suite -->
</testng-results>
